[2018-09-03 13:23:31,041] {cli.py:374} INFO - Running on host MacBook-Pro-de-MANGANNEAU.local
[2018-09-03 13:23:31,065] {models.py:1197} INFO - Dependencies all met for <TaskInstance: workshop_airflow_exo_2.wait_for_right_time 2018-08-04 06:00:00 [queued]>
[2018-09-03 13:23:31,069] {models.py:1197} INFO - Dependencies all met for <TaskInstance: workshop_airflow_exo_2.wait_for_right_time 2018-08-04 06:00:00 [queued]>
[2018-09-03 13:23:31,070] {models.py:1407} INFO - 
--------------------------------------------------------------------------------
Starting attempt 1 of 1
--------------------------------------------------------------------------------

[2018-09-03 13:23:31,081] {models.py:1428} INFO - Executing <Task(HttpSensor): wait_for_right_time> on 2018-08-04 06:00:00
[2018-09-03 13:23:31,082] {base_task_runner.py:115} INFO - Running: ['bash', '-c', 'airflow run workshop_airflow_exo_2 wait_for_right_time 2018-08-04T06:00:00 --job_id 116 --raw -sd DAGS_FOLDER/exo2.py']
[2018-09-03 13:23:31,931] {base_task_runner.py:98} INFO - Subtask: [2018-09-03 13:23:31,930] {__init__.py:45} INFO - Using executor SequentialExecutor
[2018-09-03 13:23:31,991] {base_task_runner.py:98} INFO - Subtask: [2018-09-03 13:23:31,991] {models.py:189} INFO - Filling up the DagBag from /Users/magus/PycharmProjects/workshop_airflow/dags/exo2.py
[2018-09-03 13:23:32,096] {cli.py:374} INFO - Running on host MacBook-Pro-de-MANGANNEAU.local
[2018-09-03 13:23:32,113] {base_task_runner.py:98} INFO - Subtask: [2018-09-03 13:23:32,112] {sensors.py:681} INFO - Poking: journeys?from=2.2728894%3B48.8812988&to=2.2950275%3B48.8737917&
[2018-09-03 13:23:32,116] {base_task_runner.py:98} INFO - Subtask: [2018-09-03 13:23:32,116] {base_hook.py:80} INFO - Using connection to: https://api.navitia.io/v1/coverage/fr-idf/
[2018-09-03 13:23:32,118] {base_task_runner.py:98} INFO - Subtask: [2018-09-03 13:23:32,118] {http_hook.py:85} INFO - Sending 'GET' to url: https://api.navitia.io/v1/coverage/fr-idf/journeys?from=2.2728894%3B48.8812988&to=2.2950275%3B48.8737917&
[2018-09-03 13:23:32,160] {logging_mixin.py:84} WARNING - /Users/magus/PycharmProjects/workshop_airflow/workshop_env/lib/python3.6/site-packages/urllib3/connectionpool.py:857: InsecureRequestWarning: Unverified HTTPS request is being made. Adding certificate verification is strongly advised. See: https://urllib3.readthedocs.io/en/latest/advanced-usage.html#ssl-warnings
  InsecureRequestWarning)

[2018-09-03 13:23:32,347] {logging_mixin.py:84} INFO - goal_time + 5 min: 2018-08-01 18:49:54

[2018-09-03 13:23:32,347] {logging_mixin.py:84} INFO - arrival_time: 2018-09-03 13:30:36

[2018-09-03 13:23:32,347] {base_task_runner.py:98} INFO - Subtask: [2018-09-03 13:23:32,347] {sensors.py:85} INFO - Success criteria met. Exiting.
