[2018-09-03 18:32:59,676] {cli.py:374} INFO - Running on host MacBook-Pro-de-MANGANNEAU.local
[2018-09-03 18:32:59,696] {models.py:1197} INFO - Dependencies all met for <TaskInstance: workshop_airflow_exo_1.send_mail 2018-09-03 16:32:35.890911 [queued]>
[2018-09-03 18:32:59,701] {models.py:1197} INFO - Dependencies all met for <TaskInstance: workshop_airflow_exo_1.send_mail 2018-09-03 16:32:35.890911 [queued]>
[2018-09-03 18:32:59,701] {models.py:1407} INFO - 
--------------------------------------------------------------------------------
Starting attempt 1 of 1
--------------------------------------------------------------------------------

[2018-09-03 18:32:59,707] {models.py:1428} INFO - Executing <Task(EmailOperator): send_mail> on 2018-09-03 16:32:35.890911
[2018-09-03 18:32:59,707] {base_task_runner.py:115} INFO - Running: ['bash', '-c', 'airflow run workshop_airflow_exo_1 send_mail 2018-09-03T16:32:35.890911 --job_id 229 --raw -sd DAGS_FOLDER/exo1.py']
[2018-09-03 18:33:00,294] {base_task_runner.py:98} INFO - Subtask: [2018-09-03 18:33:00,293] {__init__.py:45} INFO - Using executor SequentialExecutor
[2018-09-03 18:33:00,352] {base_task_runner.py:98} INFO - Subtask: [2018-09-03 18:33:00,352] {models.py:189} INFO - Filling up the DagBag from /Users/magus/PycharmProjects/workshop_airflow/dags/exo1.py
[2018-09-03 18:33:00,429] {cli.py:374} INFO - Running on host MacBook-Pro-de-MANGANNEAU.local
[2018-09-03 18:33:00,443] {models.py:1595} ERROR - xcom_pull() missing 1 required positional argument: 'task_ids'
Traceback (most recent call last):
  File "/Users/magus/PycharmProjects/workshop_airflow/workshop_env/lib/python3.6/site-packages/airflow/models.py", line 1478, in _run_raw_task
    self.render_templates()
  File "/Users/magus/PycharmProjects/workshop_airflow/workshop_env/lib/python3.6/site-packages/airflow/models.py", line 1761, in render_templates
    rendered_content = rt(attr, content, jinja_context)
  File "/Users/magus/PycharmProjects/workshop_airflow/workshop_env/lib/python3.6/site-packages/airflow/models.py", line 2484, in render_template
    return self.render_template_from_field(attr, content, context, jinja_env)
  File "/Users/magus/PycharmProjects/workshop_airflow/workshop_env/lib/python3.6/site-packages/airflow/models.py", line 2454, in render_template_from_field
    result = jinja_env.from_string(content).render(**context)
  File "/Users/magus/PycharmProjects/workshop_airflow/workshop_env/lib/python3.6/site-packages/jinja2/environment.py", line 989, in render
    return self.environment.handle_exception(exc_info, True)
  File "/Users/magus/PycharmProjects/workshop_airflow/workshop_env/lib/python3.6/site-packages/jinja2/environment.py", line 754, in handle_exception
    reraise(exc_type, exc_value, tb)
  File "/Users/magus/PycharmProjects/workshop_airflow/workshop_env/lib/python3.6/site-packages/jinja2/_compat.py", line 37, in reraise
    raise value.with_traceback(tb)
  File "<template>", line 1, in top-level template code
TypeError: xcom_pull() missing 1 required positional argument: 'task_ids'
[2018-09-03 18:33:00,450] {models.py:1624} INFO - Marking task as FAILED.
[2018-09-03 18:33:00,457] {models.py:1644} ERROR - xcom_pull() missing 1 required positional argument: 'task_ids'
[2018-09-03 18:33:00,463] {base_task_runner.py:98} INFO - Subtask: Traceback (most recent call last):
[2018-09-03 18:33:00,463] {base_task_runner.py:98} INFO - Subtask:   File "/Users/magus/PycharmProjects/workshop_airflow/workshop_env/bin/airflow", line 27, in <module>
[2018-09-03 18:33:00,464] {base_task_runner.py:98} INFO - Subtask:     args.func(args)
[2018-09-03 18:33:00,464] {base_task_runner.py:98} INFO - Subtask:   File "/Users/magus/PycharmProjects/workshop_airflow/workshop_env/lib/python3.6/site-packages/airflow/bin/cli.py", line 392, in run
[2018-09-03 18:33:00,464] {base_task_runner.py:98} INFO - Subtask:     pool=args.pool,
[2018-09-03 18:33:00,464] {base_task_runner.py:98} INFO - Subtask:   File "/Users/magus/PycharmProjects/workshop_airflow/workshop_env/lib/python3.6/site-packages/airflow/utils/db.py", line 50, in wrapper
[2018-09-03 18:33:00,464] {base_task_runner.py:98} INFO - Subtask:     result = func(*args, **kwargs)
[2018-09-03 18:33:00,464] {base_task_runner.py:98} INFO - Subtask:   File "/Users/magus/PycharmProjects/workshop_airflow/workshop_env/lib/python3.6/site-packages/airflow/models.py", line 1478, in _run_raw_task
[2018-09-03 18:33:00,482] {base_task_runner.py:98} INFO - Subtask:     self.render_templates()
[2018-09-03 18:33:00,482] {base_task_runner.py:98} INFO - Subtask:   File "/Users/magus/PycharmProjects/workshop_airflow/workshop_env/lib/python3.6/site-packages/airflow/models.py", line 1761, in render_templates
[2018-09-03 18:33:00,482] {base_task_runner.py:98} INFO - Subtask:     rendered_content = rt(attr, content, jinja_context)
[2018-09-03 18:33:00,483] {base_task_runner.py:98} INFO - Subtask:   File "/Users/magus/PycharmProjects/workshop_airflow/workshop_env/lib/python3.6/site-packages/airflow/models.py", line 2484, in render_template
[2018-09-03 18:33:00,483] {base_task_runner.py:98} INFO - Subtask:     return self.render_template_from_field(attr, content, context, jinja_env)
[2018-09-03 18:33:00,483] {base_task_runner.py:98} INFO - Subtask:   File "/Users/magus/PycharmProjects/workshop_airflow/workshop_env/lib/python3.6/site-packages/airflow/models.py", line 2454, in render_template_from_field
[2018-09-03 18:33:00,483] {base_task_runner.py:98} INFO - Subtask:     result = jinja_env.from_string(content).render(**context)
[2018-09-03 18:33:00,483] {base_task_runner.py:98} INFO - Subtask:   File "/Users/magus/PycharmProjects/workshop_airflow/workshop_env/lib/python3.6/site-packages/jinja2/environment.py", line 989, in render
[2018-09-03 18:33:00,483] {base_task_runner.py:98} INFO - Subtask:     return self.environment.handle_exception(exc_info, True)
[2018-09-03 18:33:00,483] {base_task_runner.py:98} INFO - Subtask:   File "/Users/magus/PycharmProjects/workshop_airflow/workshop_env/lib/python3.6/site-packages/jinja2/environment.py", line 754, in handle_exception
[2018-09-03 18:33:00,484] {base_task_runner.py:98} INFO - Subtask:     reraise(exc_type, exc_value, tb)
[2018-09-03 18:33:00,484] {base_task_runner.py:98} INFO - Subtask:   File "/Users/magus/PycharmProjects/workshop_airflow/workshop_env/lib/python3.6/site-packages/jinja2/_compat.py", line 37, in reraise
[2018-09-03 18:33:00,484] {base_task_runner.py:98} INFO - Subtask:     raise value.with_traceback(tb)
[2018-09-03 18:33:00,484] {base_task_runner.py:98} INFO - Subtask:   File "<template>", line 1, in top-level template code
[2018-09-03 18:33:00,484] {base_task_runner.py:98} INFO - Subtask: TypeError: xcom_pull() missing 1 required positional argument: 'task_ids'
