[2018-09-03 13:24:38,945] {cli.py:374} INFO - Running on host MacBook-Pro-de-MANGANNEAU.local
[2018-09-03 13:24:38,962] {models.py:1197} INFO - Dependencies all met for <TaskInstance: workshop_airflow_exo_2.wait_for_right_time 2018-08-15 06:00:00 [queued]>
[2018-09-03 13:24:38,965] {models.py:1197} INFO - Dependencies all met for <TaskInstance: workshop_airflow_exo_2.wait_for_right_time 2018-08-15 06:00:00 [queued]>
[2018-09-03 13:24:38,966] {models.py:1407} INFO - 
--------------------------------------------------------------------------------
Starting attempt 1 of 1
--------------------------------------------------------------------------------

[2018-09-03 13:24:38,975] {models.py:1428} INFO - Executing <Task(HttpSensor): wait_for_right_time> on 2018-08-15 06:00:00
[2018-09-03 13:24:38,975] {base_task_runner.py:115} INFO - Running: ['bash', '-c', 'airflow run workshop_airflow_exo_2 wait_for_right_time 2018-08-15T06:00:00 --job_id 127 --raw -sd DAGS_FOLDER/exo2.py']
[2018-09-03 13:24:39,783] {base_task_runner.py:98} INFO - Subtask: [2018-09-03 13:24:39,783] {__init__.py:45} INFO - Using executor SequentialExecutor
[2018-09-03 13:24:39,828] {base_task_runner.py:98} INFO - Subtask: [2018-09-03 13:24:39,828] {models.py:189} INFO - Filling up the DagBag from /Users/magus/PycharmProjects/workshop_airflow/dags/exo2.py
[2018-09-03 13:24:39,915] {cli.py:374} INFO - Running on host MacBook-Pro-de-MANGANNEAU.local
[2018-09-03 13:24:39,929] {base_task_runner.py:98} INFO - Subtask: [2018-09-03 13:24:39,929] {sensors.py:681} INFO - Poking: journeys?from=2.2728894%3B48.8812988&to=2.2950275%3B48.8737917&
[2018-09-03 13:24:39,931] {base_task_runner.py:98} INFO - Subtask: [2018-09-03 13:24:39,931] {base_hook.py:80} INFO - Using connection to: https://api.navitia.io/v1/coverage/fr-idf/
[2018-09-03 13:24:39,933] {base_task_runner.py:98} INFO - Subtask: [2018-09-03 13:24:39,933] {http_hook.py:85} INFO - Sending 'GET' to url: https://api.navitia.io/v1/coverage/fr-idf/journeys?from=2.2728894%3B48.8812988&to=2.2950275%3B48.8737917&
[2018-09-03 13:24:40,130] {logging_mixin.py:84} WARNING - /Users/magus/PycharmProjects/workshop_airflow/workshop_env/lib/python3.6/site-packages/urllib3/connectionpool.py:857: InsecureRequestWarning: Unverified HTTPS request is being made. Adding certificate verification is strongly advised. See: https://urllib3.readthedocs.io/en/latest/advanced-usage.html#ssl-warnings
  InsecureRequestWarning)

[2018-09-03 13:24:40,515] {logging_mixin.py:84} INFO - goal_time + 5 min: 2018-08-01 18:49:54

[2018-09-03 13:24:40,515] {logging_mixin.py:84} INFO - arrival_time: 2018-09-03 13:33:36

[2018-09-03 13:24:40,516] {base_task_runner.py:98} INFO - Subtask: [2018-09-03 13:24:40,516] {sensors.py:85} INFO - Success criteria met. Exiting.
