[2018-09-03 23:07:30,284] {cli.py:374} INFO - Running on host MBPdeMANGANNEAU
[2018-09-03 23:07:30,300] {models.py:1197} INFO - Dependencies all met for <TaskInstance: workshop_airflow_exo_1.parse_json 2018-09-03 21:07:15.731585 [queued]>
[2018-09-03 23:07:30,304] {models.py:1197} INFO - Dependencies all met for <TaskInstance: workshop_airflow_exo_1.parse_json 2018-09-03 21:07:15.731585 [queued]>
[2018-09-03 23:07:30,304] {models.py:1407} INFO - 
--------------------------------------------------------------------------------
Starting attempt 1 of 1
--------------------------------------------------------------------------------

[2018-09-03 23:07:30,309] {models.py:1428} INFO - Executing <Task(PythonOperator): parse_json> on 2018-09-03 21:07:15.731585
[2018-09-03 23:07:30,309] {base_task_runner.py:115} INFO - Running: ['bash', '-c', 'airflow run workshop_airflow_exo_1 parse_json 2018-09-03T21:07:15.731585 --job_id 236 --raw -sd DAGS_FOLDER/exo1.py']
[2018-09-03 23:07:31,031] {base_task_runner.py:98} INFO - Subtask: [2018-09-03 23:07:31,031] {__init__.py:45} INFO - Using executor SequentialExecutor
[2018-09-03 23:07:31,080] {base_task_runner.py:98} INFO - Subtask: [2018-09-03 23:07:31,080] {models.py:189} INFO - Filling up the DagBag from /Users/magus/PycharmProjects/workshop_airflow/dags/exo1.py
[2018-09-03 23:07:31,162] {cli.py:374} INFO - Running on host MBPdeMANGANNEAU
[2018-09-03 23:07:31,177] {logging_mixin.py:84} INFO - itinerary  Journey number 0: 
Departure time : 2018-09-03 23:07:21
68s from 58 Avenue Charles de Gaulle (Neuilly-sur-Seine) to Les Sablons (Jardin d'Acclimatation) (Neuilly-sur-Seine) by walking 
300s from Les Sablons (Jardin d'Acclimatation) (Neuilly-sur-Seine) to Charles de Gaulle-Etoile (Paris) by METRO 1 direction Château de Vincennes (Paris) 
36s from Charles de Gaulle-Etoile (Paris) to Passage du Souvenir (Paris) by walking 
Arrival time : 2018-09-03 23:14:36
 Journey number 1: 
Departure time : 2018-09-03 23:07:21
1966s from 58 Avenue Charles de Gaulle (Neuilly-sur-Seine) to Passage du Souvenir (Paris) by walking 
Arrival time : 2018-09-03 23:40:07

[2018-09-03 23:07:31,177] {logging_mixin.py:84} INFO - 

[2018-09-03 23:07:31,183] {base_task_runner.py:98} INFO - Subtask: [2018-09-03 23:07:31,182] {python_operator.py:90} INFO - Done. Returned value was: None
