[2018-09-03 17:34:33,086] {cli.py:374} INFO - Running on host MacBook-Pro-de-MANGANNEAU.local
[2018-09-03 17:34:33,107] {models.py:1197} INFO - Dependencies all met for <TaskInstance: workshop_airflow_exo_1.parse_json 2018-09-03 15:34:20.380349 [queued]>
[2018-09-03 17:34:33,112] {models.py:1197} INFO - Dependencies all met for <TaskInstance: workshop_airflow_exo_1.parse_json 2018-09-03 15:34:20.380349 [queued]>
[2018-09-03 17:34:33,112] {models.py:1407} INFO - 
--------------------------------------------------------------------------------
Starting attempt 1 of 1
--------------------------------------------------------------------------------

[2018-09-03 17:34:33,118] {models.py:1428} INFO - Executing <Task(PythonOperator): parse_json> on 2018-09-03 15:34:20.380349
[2018-09-03 17:34:33,118] {base_task_runner.py:115} INFO - Running: ['bash', '-c', 'airflow run workshop_airflow_exo_1 parse_json 2018-09-03T15:34:20.380349 --job_id 189 --raw -sd DAGS_FOLDER/exo1.py']
[2018-09-03 17:34:33,676] {base_task_runner.py:98} INFO - Subtask: [2018-09-03 17:34:33,676] {__init__.py:45} INFO - Using executor SequentialExecutor
[2018-09-03 17:34:33,735] {base_task_runner.py:98} INFO - Subtask: [2018-09-03 17:34:33,735] {models.py:189} INFO - Filling up the DagBag from /Users/magus/PycharmProjects/workshop_airflow/dags/exo1.py
[2018-09-03 17:34:33,830] {cli.py:374} INFO - Running on host MacBook-Pro-de-MANGANNEAU.local
[2018-09-03 17:34:33,846] {logging_mixin.py:84} INFO - ==================

[2018-09-03 17:34:33,847] {logging_mixin.py:84} INFO - <class 'dict'>

[2018-09-03 17:34:33,851] {logging_mixin.py:84} INFO - aeaeaea

[2018-09-03 17:34:33,851] {logging_mixin.py:84} INFO - <class 'int'>

[2018-09-03 17:34:33,851] {logging_mixin.py:84} INFO - <class 'int'>

[2018-09-03 17:34:33,851] {logging_mixin.py:84} INFO - dqdqsdqsd   

[2018-09-03 17:34:33,851] {logging_mixin.py:84} INFO - 0

[2018-09-03 17:34:33,851] {models.py:1595} ERROR - must be str, not NoneType
Traceback (most recent call last):
  File "/Users/magus/PycharmProjects/workshop_airflow/workshop_env/lib/python3.6/site-packages/airflow/models.py", line 1493, in _run_raw_task
    result = task_copy.execute(context=context)
  File "/Users/magus/PycharmProjects/workshop_airflow/workshop_env/lib/python3.6/site-packages/airflow/operators/python_operator.py", line 89, in execute
    return_value = self.execute_callable()
  File "/Users/magus/PycharmProjects/workshop_airflow/workshop_env/lib/python3.6/site-packages/airflow/operators/python_operator.py", line 94, in execute_callable
    return self.python_callable(*self.op_args, **self.op_kwargs)
  File "/Users/magus/PycharmProjects/workshop_airflow/utils/parsing.py", line 49, in parse_journey
    itinerary = itinerary + get_section(response_json, i, j)
TypeError: must be str, not NoneType
[2018-09-03 17:34:33,853] {models.py:1624} INFO - Marking task as FAILED.
[2018-09-03 17:34:33,861] {models.py:1644} ERROR - must be str, not NoneType
[2018-09-03 17:34:33,863] {base_task_runner.py:98} INFO - Subtask: Traceback (most recent call last):
[2018-09-03 17:34:33,864] {base_task_runner.py:98} INFO - Subtask:   File "/Users/magus/PycharmProjects/workshop_airflow/workshop_env/bin/airflow", line 27, in <module>
[2018-09-03 17:34:33,864] {base_task_runner.py:98} INFO - Subtask:     args.func(args)
[2018-09-03 17:34:33,864] {base_task_runner.py:98} INFO - Subtask:   File "/Users/magus/PycharmProjects/workshop_airflow/workshop_env/lib/python3.6/site-packages/airflow/bin/cli.py", line 392, in run
[2018-09-03 17:34:33,864] {base_task_runner.py:98} INFO - Subtask:     pool=args.pool,
[2018-09-03 17:34:33,864] {base_task_runner.py:98} INFO - Subtask:   File "/Users/magus/PycharmProjects/workshop_airflow/workshop_env/lib/python3.6/site-packages/airflow/utils/db.py", line 50, in wrapper
[2018-09-03 17:34:33,864] {base_task_runner.py:98} INFO - Subtask:     result = func(*args, **kwargs)
[2018-09-03 17:34:33,864] {base_task_runner.py:98} INFO - Subtask:   File "/Users/magus/PycharmProjects/workshop_airflow/workshop_env/lib/python3.6/site-packages/airflow/models.py", line 1493, in _run_raw_task
[2018-09-03 17:34:33,865] {base_task_runner.py:98} INFO - Subtask:     result = task_copy.execute(context=context)
[2018-09-03 17:34:33,865] {base_task_runner.py:98} INFO - Subtask:   File "/Users/magus/PycharmProjects/workshop_airflow/workshop_env/lib/python3.6/site-packages/airflow/operators/python_operator.py", line 89, in execute
[2018-09-03 17:34:33,865] {base_task_runner.py:98} INFO - Subtask:     return_value = self.execute_callable()
[2018-09-03 17:34:33,865] {base_task_runner.py:98} INFO - Subtask:   File "/Users/magus/PycharmProjects/workshop_airflow/workshop_env/lib/python3.6/site-packages/airflow/operators/python_operator.py", line 94, in execute_callable
[2018-09-03 17:34:33,865] {base_task_runner.py:98} INFO - Subtask:     return self.python_callable(*self.op_args, **self.op_kwargs)
[2018-09-03 17:34:33,865] {base_task_runner.py:98} INFO - Subtask:   File "/Users/magus/PycharmProjects/workshop_airflow/utils/parsing.py", line 49, in parse_journey
[2018-09-03 17:34:33,866] {base_task_runner.py:98} INFO - Subtask:     itinerary = itinerary + get_section(response_json, i, j)
[2018-09-03 17:34:33,866] {base_task_runner.py:98} INFO - Subtask: TypeError: must be str, not NoneType
