[2018-09-03 17:36:32,373] {cli.py:374} INFO - Running on host MacBook-Pro-de-MANGANNEAU.local
[2018-09-03 17:36:32,411] {models.py:1197} INFO - Dependencies all met for <TaskInstance: workshop_airflow_exo_1.parse_json 2018-09-03 15:36:14.183049 [queued]>
[2018-09-03 17:36:32,419] {models.py:1197} INFO - Dependencies all met for <TaskInstance: workshop_airflow_exo_1.parse_json 2018-09-03 15:36:14.183049 [queued]>
[2018-09-03 17:36:32,420] {models.py:1407} INFO - 
--------------------------------------------------------------------------------
Starting attempt 1 of 1
--------------------------------------------------------------------------------

[2018-09-03 17:36:32,428] {models.py:1428} INFO - Executing <Task(PythonOperator): parse_json> on 2018-09-03 15:36:14.183049
[2018-09-03 17:36:32,428] {base_task_runner.py:115} INFO - Running: ['bash', '-c', 'airflow run workshop_airflow_exo_1 parse_json 2018-09-03T15:36:14.183049 --job_id 191 --raw -sd DAGS_FOLDER/exo1.py']
[2018-09-03 17:36:33,150] {base_task_runner.py:98} INFO - Subtask: [2018-09-03 17:36:33,149] {__init__.py:45} INFO - Using executor SequentialExecutor
[2018-09-03 17:36:33,211] {base_task_runner.py:98} INFO - Subtask: [2018-09-03 17:36:33,211] {models.py:189} INFO - Filling up the DagBag from /Users/magus/PycharmProjects/workshop_airflow/dags/exo1.py
[2018-09-03 17:36:33,298] {cli.py:374} INFO - Running on host MacBook-Pro-de-MANGANNEAU.local
[2018-09-03 17:36:33,316] {logging_mixin.py:84} INFO - ==================

[2018-09-03 17:36:33,316] {logging_mixin.py:84} INFO - <class 'dict'>

[2018-09-03 17:36:33,319] {logging_mixin.py:84} INFO - aeaeaea

[2018-09-03 17:36:33,319] {logging_mixin.py:84} INFO - <class 'int'>

[2018-09-03 17:36:33,319] {logging_mixin.py:84} INFO - <class 'int'>

[2018-09-03 17:36:33,320] {logging_mixin.py:84} INFO - dqdqsdqsd   

[2018-09-03 17:36:33,320] {logging_mixin.py:84} INFO - 0

[2018-09-03 17:36:33,320] {models.py:1595} ERROR - must be str, not NoneType
Traceback (most recent call last):
  File "/Users/magus/PycharmProjects/workshop_airflow/workshop_env/lib/python3.6/site-packages/airflow/models.py", line 1493, in _run_raw_task
    result = task_copy.execute(context=context)
  File "/Users/magus/PycharmProjects/workshop_airflow/workshop_env/lib/python3.6/site-packages/airflow/operators/python_operator.py", line 89, in execute
    return_value = self.execute_callable()
  File "/Users/magus/PycharmProjects/workshop_airflow/workshop_env/lib/python3.6/site-packages/airflow/operators/python_operator.py", line 94, in execute_callable
    return self.python_callable(*self.op_args, **self.op_kwargs)
  File "/Users/magus/PycharmProjects/workshop_airflow/utils/parsing.py", line 50, in parse_journey
    itinerary = itinerary + get_section(response_json, i, j)
TypeError: must be str, not NoneType
[2018-09-03 17:36:33,324] {models.py:1624} INFO - Marking task as FAILED.
[2018-09-03 17:36:33,359] {models.py:1644} ERROR - must be str, not NoneType
[2018-09-03 17:36:33,363] {base_task_runner.py:98} INFO - Subtask: Traceback (most recent call last):
[2018-09-03 17:36:33,364] {base_task_runner.py:98} INFO - Subtask:   File "/Users/magus/PycharmProjects/workshop_airflow/workshop_env/bin/airflow", line 27, in <module>
[2018-09-03 17:36:33,364] {base_task_runner.py:98} INFO - Subtask:     args.func(args)
[2018-09-03 17:36:33,364] {base_task_runner.py:98} INFO - Subtask:   File "/Users/magus/PycharmProjects/workshop_airflow/workshop_env/lib/python3.6/site-packages/airflow/bin/cli.py", line 392, in run
[2018-09-03 17:36:33,364] {base_task_runner.py:98} INFO - Subtask:     pool=args.pool,
[2018-09-03 17:36:33,364] {base_task_runner.py:98} INFO - Subtask:   File "/Users/magus/PycharmProjects/workshop_airflow/workshop_env/lib/python3.6/site-packages/airflow/utils/db.py", line 50, in wrapper
[2018-09-03 17:36:33,364] {base_task_runner.py:98} INFO - Subtask:     result = func(*args, **kwargs)
[2018-09-03 17:36:33,364] {base_task_runner.py:98} INFO - Subtask:   File "/Users/magus/PycharmProjects/workshop_airflow/workshop_env/lib/python3.6/site-packages/airflow/models.py", line 1493, in _run_raw_task
[2018-09-03 17:36:33,365] {base_task_runner.py:98} INFO - Subtask:     result = task_copy.execute(context=context)
[2018-09-03 17:36:33,365] {base_task_runner.py:98} INFO - Subtask:   File "/Users/magus/PycharmProjects/workshop_airflow/workshop_env/lib/python3.6/site-packages/airflow/operators/python_operator.py", line 89, in execute
[2018-09-03 17:36:33,365] {base_task_runner.py:98} INFO - Subtask:     return_value = self.execute_callable()
[2018-09-03 17:36:33,365] {base_task_runner.py:98} INFO - Subtask:   File "/Users/magus/PycharmProjects/workshop_airflow/workshop_env/lib/python3.6/site-packages/airflow/operators/python_operator.py", line 94, in execute_callable
[2018-09-03 17:36:33,365] {base_task_runner.py:98} INFO - Subtask:     return self.python_callable(*self.op_args, **self.op_kwargs)
[2018-09-03 17:36:33,365] {base_task_runner.py:98} INFO - Subtask:   File "/Users/magus/PycharmProjects/workshop_airflow/utils/parsing.py", line 50, in parse_journey
[2018-09-03 17:36:33,365] {base_task_runner.py:98} INFO - Subtask:     itinerary = itinerary + get_section(response_json, i, j)
[2018-09-03 17:36:33,366] {base_task_runner.py:98} INFO - Subtask: TypeError: must be str, not NoneType
