[2018-09-03 23:12:40,669] {cli.py:374} INFO - Running on host MBPdeMANGANNEAU
[2018-09-03 23:12:40,688] {models.py:1197} INFO - Dependencies all met for <TaskInstance: workshop_airflow_exo_1.parse_json 2018-09-03 21:12:25.199740 [queued]>
[2018-09-03 23:12:40,694] {models.py:1197} INFO - Dependencies all met for <TaskInstance: workshop_airflow_exo_1.parse_json 2018-09-03 21:12:25.199740 [queued]>
[2018-09-03 23:12:40,694] {models.py:1407} INFO - 
--------------------------------------------------------------------------------
Starting attempt 1 of 1
--------------------------------------------------------------------------------

[2018-09-03 23:12:40,701] {models.py:1428} INFO - Executing <Task(PythonOperator): parse_json> on 2018-09-03 21:12:25.199740
[2018-09-03 23:12:40,701] {base_task_runner.py:115} INFO - Running: ['bash', '-c', 'airflow run workshop_airflow_exo_1 parse_json 2018-09-03T21:12:25.199740 --job_id 239 --raw -sd DAGS_FOLDER/exo1.py']
[2018-09-03 23:12:41,279] {base_task_runner.py:98} INFO - Subtask: [2018-09-03 23:12:41,278] {__init__.py:45} INFO - Using executor SequentialExecutor
[2018-09-03 23:12:41,327] {base_task_runner.py:98} INFO - Subtask: [2018-09-03 23:12:41,327] {models.py:189} INFO - Filling up the DagBag from /Users/magus/PycharmProjects/workshop_airflow/dags/exo1.py
[2018-09-03 23:12:41,438] {cli.py:374} INFO - Running on host MBPdeMANGANNEAU
[2018-09-03 23:12:41,463] {logging_mixin.py:84} INFO - itinerary  Journey number 1: 
Departure time : 2018-09-03 23:12:31
68s from 58 Avenue Charles de Gaulle (Neuilly-sur-Seine) to Les Sablons (Jardin d'Acclimatation) (Neuilly-sur-Seine) by walking 
300s from Les Sablons (Jardin d'Acclimatation) (Neuilly-sur-Seine) to Charles de Gaulle-Etoile (Paris) by METRO 1 direction Château de Vincennes (Paris) 
36s from Charles de Gaulle-Etoile (Paris) to Passage du Souvenir (Paris) by walking 
Arrival time : 2018-09-03 23:19:36
 Journey number 2: 
Departure time : 2018-09-03 23:12:31
1966s from 58 Avenue Charles de Gaulle (Neuilly-sur-Seine) to Passage du Souvenir (Paris) by walking 
Arrival time : 2018-09-03 23:45:17

[2018-09-03 23:12:41,463] {logging_mixin.py:84} INFO - 

[2018-09-03 23:12:41,470] {base_task_runner.py:98} INFO - Subtask: [2018-09-03 23:12:41,469] {python_operator.py:90} INFO - Done. Returned value was: None
