[2018-09-03 13:23:48,526] {cli.py:374} INFO - Running on host MacBook-Pro-de-MANGANNEAU.local
[2018-09-03 13:23:48,548] {models.py:1197} INFO - Dependencies all met for <TaskInstance: workshop_airflow_exo_2.wait_for_right_time 2018-08-07 06:00:00 [queued]>
[2018-09-03 13:23:48,551] {models.py:1197} INFO - Dependencies all met for <TaskInstance: workshop_airflow_exo_2.wait_for_right_time 2018-08-07 06:00:00 [queued]>
[2018-09-03 13:23:48,551] {models.py:1407} INFO - 
--------------------------------------------------------------------------------
Starting attempt 1 of 1
--------------------------------------------------------------------------------

[2018-09-03 13:23:48,559] {models.py:1428} INFO - Executing <Task(HttpSensor): wait_for_right_time> on 2018-08-07 06:00:00
[2018-09-03 13:23:48,559] {base_task_runner.py:115} INFO - Running: ['bash', '-c', 'airflow run workshop_airflow_exo_2 wait_for_right_time 2018-08-07T06:00:00 --job_id 119 --raw -sd DAGS_FOLDER/exo2.py']
[2018-09-03 13:23:49,234] {base_task_runner.py:98} INFO - Subtask: [2018-09-03 13:23:49,234] {__init__.py:45} INFO - Using executor SequentialExecutor
[2018-09-03 13:23:49,298] {base_task_runner.py:98} INFO - Subtask: [2018-09-03 13:23:49,298] {models.py:189} INFO - Filling up the DagBag from /Users/magus/PycharmProjects/workshop_airflow/dags/exo2.py
[2018-09-03 13:23:49,424] {cli.py:374} INFO - Running on host MacBook-Pro-de-MANGANNEAU.local
[2018-09-03 13:23:49,434] {base_task_runner.py:98} INFO - Subtask: [2018-09-03 13:23:49,434] {sensors.py:681} INFO - Poking: journeys?from=2.2728894%3B48.8812988&to=2.2950275%3B48.8737917&
[2018-09-03 13:23:49,443] {base_task_runner.py:98} INFO - Subtask: [2018-09-03 13:23:49,438] {base_hook.py:80} INFO - Using connection to: https://api.navitia.io/v1/coverage/fr-idf/
[2018-09-03 13:23:49,447] {base_task_runner.py:98} INFO - Subtask: [2018-09-03 13:23:49,447] {http_hook.py:85} INFO - Sending 'GET' to url: https://api.navitia.io/v1/coverage/fr-idf/journeys?from=2.2728894%3B48.8812988&to=2.2950275%3B48.8737917&
[2018-09-03 13:23:49,475] {logging_mixin.py:84} WARNING - /Users/magus/PycharmProjects/workshop_airflow/workshop_env/lib/python3.6/site-packages/urllib3/connectionpool.py:857: InsecureRequestWarning: Unverified HTTPS request is being made. Adding certificate verification is strongly advised. See: https://urllib3.readthedocs.io/en/latest/advanced-usage.html#ssl-warnings
  InsecureRequestWarning)

[2018-09-03 13:23:49,615] {logging_mixin.py:84} INFO - goal_time + 5 min: 2018-08-01 18:49:54

[2018-09-03 13:23:49,616] {logging_mixin.py:84} INFO - arrival_time: 2018-09-03 13:30:36

[2018-09-03 13:23:49,616] {base_task_runner.py:98} INFO - Subtask: [2018-09-03 13:23:49,616] {sensors.py:85} INFO - Success criteria met. Exiting.
