[2018-09-04 09:45:02,068] {cli.py:374} INFO - Running on host mbpdemanganneau.home
[2018-09-04 09:45:02,089] {models.py:1197} INFO - Dependencies all met for <TaskInstance: workshop_airflow_exo_1.parse_json 2018-09-03 06:00:00 [queued]>
[2018-09-04 09:45:02,093] {models.py:1197} INFO - Dependencies all met for <TaskInstance: workshop_airflow_exo_1.parse_json 2018-09-03 06:00:00 [queued]>
[2018-09-04 09:45:02,094] {models.py:1407} INFO - 
--------------------------------------------------------------------------------
Starting attempt 1 of 1
--------------------------------------------------------------------------------

[2018-09-04 09:45:02,099] {models.py:1428} INFO - Executing <Task(PythonOperator): parse_json> on 2018-09-03 06:00:00
[2018-09-04 09:45:02,100] {base_task_runner.py:115} INFO - Running: ['bash', '-c', 'airflow run workshop_airflow_exo_1 parse_json 2018-09-03T06:00:00 --job_id 242 --raw -sd DAGS_FOLDER/exo1.py']
[2018-09-04 09:46:06,597] {base_task_runner.py:98} INFO - Subtask: [2018-09-04 09:46:06,595] {__init__.py:45} INFO - Using executor SequentialExecutor
[2018-09-04 09:46:07,385] {base_task_runner.py:98} INFO - Subtask: [2018-09-04 09:46:07,385] {models.py:189} INFO - Filling up the DagBag from /Users/magus/PycharmProjects/workshop_airflow/dags/exo1.py
[2018-09-04 09:46:07,908] {cli.py:374} INFO - Running on host mbpdemanganneau.home
[2018-09-04 09:46:07,934] {logging_mixin.py:84} INFO - itinerary  Journey number 1: 
Departure time : 2018-09-04 09:44:54
68s from 58 Avenue Charles de Gaulle (Neuilly-sur-Seine) to Les Sablons (Jardin d'Acclimatation) (Neuilly-sur-Seine) by walking 
240s from Les Sablons (Jardin d'Acclimatation) (Neuilly-sur-Seine) to Charles de Gaulle-Etoile (Paris) by METRO 1 direction Château de Vincennes (Paris) 
36s from Charles de Gaulle-Etoile (Paris) to Passage du Souvenir (Paris) by walking 
Arrival time : 2018-09-04 09:52:36
 Journey number 2: 
Departure time : 2018-09-04 09:44:54
1966s from 58 Avenue Charles de Gaulle (Neuilly-sur-Seine) to Passage du Souvenir (Paris) by walking 
Arrival time : 2018-09-04 10:17:40

[2018-09-04 09:46:07,934] {logging_mixin.py:84} INFO - 

[2018-09-04 09:46:07,941] {base_task_runner.py:98} INFO - Subtask: [2018-09-04 09:46:07,940] {python_operator.py:90} INFO - Done. Returned value was: None
