[2018-09-03 17:25:43,180] {cli.py:374} INFO - Running on host MacBook-Pro-de-MANGANNEAU.local
[2018-09-03 17:25:43,198] {models.py:1197} INFO - Dependencies all met for <TaskInstance: workshop_airflow_exo_1.parse_json 2018-09-03 15:25:29.880156 [queued]>
[2018-09-03 17:25:43,202] {models.py:1197} INFO - Dependencies all met for <TaskInstance: workshop_airflow_exo_1.parse_json 2018-09-03 15:25:29.880156 [queued]>
[2018-09-03 17:25:43,203] {models.py:1407} INFO - 
--------------------------------------------------------------------------------
Starting attempt 1 of 1
--------------------------------------------------------------------------------

[2018-09-03 17:25:43,208] {models.py:1428} INFO - Executing <Task(PythonOperator): parse_json> on 2018-09-03 15:25:29.880156
[2018-09-03 17:25:43,208] {base_task_runner.py:115} INFO - Running: ['bash', '-c', 'airflow run workshop_airflow_exo_1 parse_json 2018-09-03T15:25:29.880156 --job_id 181 --raw -sd DAGS_FOLDER/exo1.py']
[2018-09-03 17:25:44,097] {base_task_runner.py:98} INFO - Subtask: [2018-09-03 17:25:44,096] {__init__.py:45} INFO - Using executor SequentialExecutor
[2018-09-03 17:25:44,144] {base_task_runner.py:98} INFO - Subtask: [2018-09-03 17:25:44,144] {models.py:189} INFO - Filling up the DagBag from /Users/magus/PycharmProjects/workshop_airflow/dags/exo1.py
[2018-09-03 17:25:44,231] {cli.py:374} INFO - Running on host MacBook-Pro-de-MANGANNEAU.local
[2018-09-03 17:25:44,245] {logging_mixin.py:84} INFO - aeaeaea

[2018-09-03 17:25:44,245] {logging_mixin.py:84} INFO - <class 'int'>

[2018-09-03 17:25:44,245] {logging_mixin.py:84} INFO - <class 'int'>

[2018-09-03 17:25:44,246] {logging_mixin.py:84} INFO - dqdqsdqsd   

[2018-09-03 17:25:44,246] {logging_mixin.py:84} INFO - 0

[2018-09-03 17:25:44,246] {models.py:1595} ERROR - list indices must be integers or slices, not str
Traceback (most recent call last):
  File "/Users/magus/PycharmProjects/workshop_airflow/workshop_env/lib/python3.6/site-packages/airflow/models.py", line 1493, in _run_raw_task
    result = task_copy.execute(context=context)
  File "/Users/magus/PycharmProjects/workshop_airflow/workshop_env/lib/python3.6/site-packages/airflow/operators/python_operator.py", line 89, in execute
    return_value = self.execute_callable()
  File "/Users/magus/PycharmProjects/workshop_airflow/workshop_env/lib/python3.6/site-packages/airflow/operators/python_operator.py", line 94, in execute_callable
    return self.python_callable(*self.op_args, **self.op_kwargs)
  File "/Users/magus/PycharmProjects/workshop_airflow/utils/parsing.py", line 45, in parse_journey
    itinerary = itinerary + get_section(response_json, i, j)
  File "/Users/magus/PycharmProjects/workshop_airflow/utils/parsing.py", line 29, in get_section
    section = response['journeys']['sections'][int(section_id)]
TypeError: list indices must be integers or slices, not str
[2018-09-03 17:25:44,248] {models.py:1624} INFO - Marking task as FAILED.
[2018-09-03 17:25:44,255] {models.py:1644} ERROR - list indices must be integers or slices, not str
[2018-09-03 17:25:44,256] {base_task_runner.py:98} INFO - Subtask: Traceback (most recent call last):
[2018-09-03 17:25:44,257] {base_task_runner.py:98} INFO - Subtask:   File "/Users/magus/PycharmProjects/workshop_airflow/workshop_env/bin/airflow", line 27, in <module>
[2018-09-03 17:25:44,257] {base_task_runner.py:98} INFO - Subtask:     args.func(args)
[2018-09-03 17:25:44,257] {base_task_runner.py:98} INFO - Subtask:   File "/Users/magus/PycharmProjects/workshop_airflow/workshop_env/lib/python3.6/site-packages/airflow/bin/cli.py", line 392, in run
[2018-09-03 17:25:44,257] {base_task_runner.py:98} INFO - Subtask:     pool=args.pool,
[2018-09-03 17:25:44,257] {base_task_runner.py:98} INFO - Subtask:   File "/Users/magus/PycharmProjects/workshop_airflow/workshop_env/lib/python3.6/site-packages/airflow/utils/db.py", line 50, in wrapper
[2018-09-03 17:25:44,257] {base_task_runner.py:98} INFO - Subtask:     result = func(*args, **kwargs)
[2018-09-03 17:25:44,257] {base_task_runner.py:98} INFO - Subtask:   File "/Users/magus/PycharmProjects/workshop_airflow/workshop_env/lib/python3.6/site-packages/airflow/models.py", line 1493, in _run_raw_task
[2018-09-03 17:25:44,287] {base_task_runner.py:98} INFO - Subtask:     result = task_copy.execute(context=context)
[2018-09-03 17:25:44,287] {base_task_runner.py:98} INFO - Subtask:   File "/Users/magus/PycharmProjects/workshop_airflow/workshop_env/lib/python3.6/site-packages/airflow/operators/python_operator.py", line 89, in execute
[2018-09-03 17:25:44,288] {base_task_runner.py:98} INFO - Subtask:     return_value = self.execute_callable()
[2018-09-03 17:25:44,288] {base_task_runner.py:98} INFO - Subtask:   File "/Users/magus/PycharmProjects/workshop_airflow/workshop_env/lib/python3.6/site-packages/airflow/operators/python_operator.py", line 94, in execute_callable
[2018-09-03 17:25:44,288] {base_task_runner.py:98} INFO - Subtask:     return self.python_callable(*self.op_args, **self.op_kwargs)
[2018-09-03 17:25:44,288] {base_task_runner.py:98} INFO - Subtask:   File "/Users/magus/PycharmProjects/workshop_airflow/utils/parsing.py", line 45, in parse_journey
[2018-09-03 17:25:44,288] {base_task_runner.py:98} INFO - Subtask:     itinerary = itinerary + get_section(response_json, i, j)
[2018-09-03 17:25:44,288] {base_task_runner.py:98} INFO - Subtask:   File "/Users/magus/PycharmProjects/workshop_airflow/utils/parsing.py", line 29, in get_section
[2018-09-03 17:25:44,289] {base_task_runner.py:98} INFO - Subtask:     section = response['journeys']['sections'][int(section_id)]
[2018-09-03 17:25:44,289] {base_task_runner.py:98} INFO - Subtask: TypeError: list indices must be integers or slices, not str
